WARNING: Information about .sconsign.dblite may be misleading
as it can be edited after state_of_repo.log finishes running

===================================

 *** GIT STATUS ***

===================================
Last commit:

commit af135358dcfe4567daf2f76a5afe2c50cded954a
Author: Ben Leyden <btleyden@gmail.com>
Date:   Thu Jul 3 09:25:59 2025 -0400

    Cleaning up relaese in the repo


Files changed since last commit:


analysis/release/descriptive/sconscript_descriptive.log

===================================

 *** FILE STATUS ***

===================================
./config_user.yaml:
   modified on: 01 Jul 2025 10:29:03
   size of file: 646
./run.py:
   modified on: 30 Jun 2025 22:38:57
   size of file: 449
./state_of_repo.log:
   modified on: 03 Jul 2025 09:26:12
   size of file: 488
./SConstruct:
   modified on: 03 Jul 2025 00:04:59
   size of file: 1844
./config_global.yaml:
   modified on: 03 Jul 2025 09:11:11
   size of file: 1266
./sconstruct.log:
   modified on: 03 Jul 2025 09:26:10
   size of file: 41
./source/prepare_data/create_data.m:
   modified on: 30 Jun 2025 22:38:57
   size of file: 202
./source/prepare_data/create_data.sh:
   modified on: 30 Jun 2025 22:38:57
   size of file: 81
./source/prepare_data/create_data.do:
   modified on: 30 Jun 2025 22:38:57
   size of file: 262
./source/prepare_data/SConscript:
   modified on: 02 Jul 2025 23:59:16
   size of file: 967
./source/prepare_data/create_data.py:
   modified on: 02 Jul 2025 23:59:57
   size of file: 316
./source/prepare_data/create_data.r:
   modified on: 30 Jun 2025 22:38:57
   size of file: 249
./source/descriptive/descriptive.py:
   modified on: 03 Jul 2025 09:11:43
   size of file: 647
./source/descriptive/SConscript:
   modified on: 03 Jul 2025 09:10:34
   size of file: 441
./release/state_of_repo.log:
   modified on: 03 Jul 2025 09:25:24
   size of file: 2860
./release/sconstruct.log:
   modified on: 03 Jul 2025 09:25:24
   size of file: 985
./release/descriptive/sconscript_descriptive.log:
   modified on: 03 Jul 2025 09:26:11
   size of file: 97
./release/descriptive/plot.eps:
   modified on: 03 Jul 2025 09:25:24
   size of file: 12351
./release/descriptive/table.txt:
   modified on: 03 Jul 2025 09:26:11
   size of file: 39
./release/descriptive/plot.pdf:
   modified on: 03 Jul 2025 09:26:11
   size of file: 5385
./release/lg/data.txt:
   modified on: 03 Jul 2025 09:26:11
   size of file: 1988897
./build/prepare_data/sconscript_create_data.log:
   modified on: 03 Jul 2025 09:26:11
   size of file: 97
./build/prepare_data/data.txt:
   modified on: 03 Jul 2025 09:26:11
   size of file: 1988897
./build/descriptive/sconscript_descriptive.log:
   modified on: 03 Jul 2025 09:26:11
   size of file: 97
./build/descriptive/table.txt:
   modified on: 03 Jul 2025 09:26:11
   size of file: 39
./build/descriptive/plot.pdf:
   modified on: 03 Jul 2025 09:26:11
   size of file: 5385
