WARNING: Information about .sconsign.dblite may be misleading
as it can be edited after state_of_repo.log finishes running

===================================

 *** GIT STATUS ***

===================================
Last commit:

commit cc237bdc46dc29d5b3e23e331728ae29ab1b3b76
Author: Ben Leyden <btleyden@gmail.com>
Date:   Thu Jul 3 09:27:40 2025 -0400

    Update paper_slides/release


Files changed since last commit:


README.md

===================================

 *** FILE STATUS ***

===================================
./config_user.yaml:
   modified on: 01 Jul 2025 11:31:13
   size of file: 626
./run.py:
   modified on: 30 Jun 2025 22:38:58
   size of file: 458
./state_of_repo.log:
   modified on: 03 Jul 2025 09:54:04
   size of file: 438
./SConstruct:
   modified on: 02 Jul 2025 23:46:21
   size of file: 1563
./state_of_input.log:
   modified on: 03 Jul 2025 09:54:04
   size of file: 321
./config_global.yaml:
   modified on: 03 Jul 2025 09:18:04
   size of file: 1316
./sconstruct.log:
   modified on: 03 Jul 2025 09:54:04
   size of file: 41
./input/state_of_repo.log:
   modified on: 03 Jul 2025 09:25:24
   size of file: 2860
./input/table.txt:
   modified on: 03 Jul 2025 09:24:54
   size of file: 39
./input/sconstruct.log:
   modified on: 03 Jul 2025 09:25:24
   size of file: 985
./input/descriptive/sconscript_descriptive.log:
   modified on: 03 Jul 2025 09:26:11
   size of file: 97
./input/descriptive/plot.eps:
   modified on: 03 Jul 2025 09:25:24
   size of file: 12351
./input/descriptive/table.txt:
   modified on: 03 Jul 2025 09:26:11
   size of file: 39
./input/descriptive/plot.pdf:
   modified on: 03 Jul 2025 09:26:11
   size of file: 5385
./input/lg/data.txt:
   modified on: 03 Jul 2025 09:26:11
   size of file: 1988897
./source/paper/paper_template.tex:
   modified on: 03 Jul 2025 09:16:17
   size of file: 1986
./source/paper/SConscript:
   modified on: 03 Jul 2025 09:17:54
   size of file: 947
./source/paper/subfiles/abstract.tex:
   modified on: 02 Jul 2025 17:58:10
   size of file: 29
./source/paper/subfiles/introduction.tex:
   modified on: 03 Jul 2025 09:15:59
   size of file: 376
./source/paper/subfiles/appendix_template.tex:
   modified on: 02 Jul 2025 23:28:11
   size of file: 27
./source/slides/slides_template.tex:
   modified on: 03 Jul 2025 09:20:55
   size of file: 2536
./source/slides/SConscript:
   modified on: 02 Jul 2025 23:46:37
   size of file: 632
./source/raw/references/jpe.bst:
   modified on: 02 Jul 2025 17:52:24
   size of file: 32080
./source/raw/references/references.bib:
   modified on: 02 Jul 2025 17:53:34
   size of file: 2326
./release/state_of_repo.log:
   modified on: 03 Jul 2025 09:27:22
   size of file: 6381
./release/state_of_input.log:
   modified on: 03 Jul 2025 09:27:14
   size of file: 321
./release/sconstruct.log:
   modified on: 03 Jul 2025 09:27:22
   size of file: 223815
./release/paper/paper_template.out:
   modified on: 03 Jul 2025 09:27:17
   size of file: 283
./release/paper/sconscript_paper_template.log:
   modified on: 03 Jul 2025 09:27:17
   size of file: 46469
./release/paper/paper_template.bbl:
   modified on: 03 Jul 2025 09:27:16
   size of file: 491
./release/paper/paper_template.pdf:
   modified on: 03 Jul 2025 09:27:17
   size of file: 130144
./release/paper/paper_template.aux:
   modified on: 03 Jul 2025 09:27:17
   size of file: 1038
./release/paper/paper_template.log:
   modified on: 03 Jul 2025 09:27:17
   size of file: 35704
./release/paper/paper_template.fls:
   modified on: 03 Jul 2025 09:27:17
   size of file: 28919
./release/paper/paper_template.blg:
   modified on: 03 Jul 2025 09:27:16
   size of file: 997
./release/paper/paper_template.fdb_latexmk:
   modified on: 03 Jul 2025 09:27:17
   size of file: 27276
./release/slides/slides_template.out:
   modified on: 03 Jul 2025 09:27:21
   size of file: 0
./release/slides/slides_template.toc:
   modified on: 03 Jul 2025 09:27:21
   size of file: 0
./release/slides/slides_template.pdf:
   modified on: 03 Jul 2025 09:27:21
   size of file: 53113
./release/slides/slides_template.bbl:
   modified on: 03 Jul 2025 09:27:20
   size of file: 491
./release/slides/sconscript_slides_template.log:
   modified on: 03 Jul 2025 09:27:22
   size of file: 64373
./release/slides/slides_template.blg:
   modified on: 03 Jul 2025 09:27:20
   size of file: 998
./release/slides/slides_template.fls:
   modified on: 03 Jul 2025 09:27:21
   size of file: 43631
./release/slides/slides_template.log:
   modified on: 03 Jul 2025 09:27:21
   size of file: 51905
./release/slides/slides_template.aux:
   modified on: 03 Jul 2025 09:27:21
   size of file: 1110
./release/slides/slides_template.snm:
   modified on: 03 Jul 2025 09:27:21
   size of file: 38
MAX ITERATIONS (10) HIT IN DIRECTORY: ./release/slides
./build/paper/paper_template.out:
   modified on: 03 Jul 2025 09:27:17
   size of file: 283
./build/paper/sconscript_paper_template.log:
   modified on: 03 Jul 2025 09:27:17
   size of file: 46469
./build/paper/paper_template.bbl:
   modified on: 03 Jul 2025 09:27:16
   size of file: 491
./build/paper/paper_template.pdf:
   modified on: 03 Jul 2025 09:27:17
   size of file: 130144
./build/paper/paper_template.aux:
   modified on: 03 Jul 2025 09:27:17
   size of file: 1038
./build/paper/paper_template.log:
   modified on: 03 Jul 2025 09:27:17
   size of file: 35704
./build/paper/paper_template.fls:
   modified on: 03 Jul 2025 09:27:17
   size of file: 28919
./build/paper/paper_template.blg:
   modified on: 03 Jul 2025 09:27:16
   size of file: 997
./build/paper/paper_template.fdb_latexmk:
   modified on: 03 Jul 2025 09:27:17
   size of file: 27276
./build/slides/slides_template.out:
   modified on: 03 Jul 2025 09:27:21
   size of file: 0
./build/slides/slides_template.toc:
   modified on: 03 Jul 2025 09:27:21
   size of file: 0
./build/slides/slides_template.pdf:
   modified on: 03 Jul 2025 09:27:21
   size of file: 53113
./build/slides/slides_template.bbl:
   modified on: 03 Jul 2025 09:27:20
   size of file: 491
./build/slides/sconscript_slides_template.log:
   modified on: 03 Jul 2025 09:27:22
   size of file: 64373
./build/slides/slides_template.blg:
   modified on: 03 Jul 2025 09:27:20
   size of file: 998
./build/slides/slides_template.fls:
   modified on: 03 Jul 2025 09:27:21
   size of file: 43631
./build/slides/slides_template.log:
   modified on: 03 Jul 2025 09:27:21
   size of file: 51905
./build/slides/slides_template.aux:
   modified on: 03 Jul 2025 09:27:21
   size of file: 1110
./build/slides/slides_template.snm:
   modified on: 03 Jul 2025 09:27:21
   size of file: 38
MAX ITERATIONS (10) HIT IN DIRECTORY: ./build/slides
